<?xml version="1.0" encoding="UTF-8"?>
<!-- Generated by org.testng.reporters.JUnitReportReporter -->
<testsuite hostname="MARU" failures="0" tests="23" name="Tests.AUserTests.BUserTests" time="7.636" errors="0" timestamp="2022-12-13T09:13:56 ART" skipped="0">
  <testcase classname="Tests.AUserTests.BUserTests" name="headersOnGetAllUsersResponse" time="0.339"/>
  <system-out/>
  <testcase classname="Tests.AUserTests.BUserTests" name="httpStatus200OnGetAllUsers" time="0.064"/>
  <system-out/>
  <testcase classname="Tests.AUserTests.BUserTests" name="contentTypeOnGetAllUsersResponse" time="0.063"/>
  <system-out/>
  <testcase classname="Tests.AUserTests.BUserTests" name="fieldsNotEmptyGetAllUsersResponse" time="0.573"/>
  <system-out/>
  <testcase classname="Tests.AUserTests.BUserTests" name="fieldsNotNullGetAllUsersResponse" time="0.540"/>
  <system-out/>
  <testcase classname="Tests.AUserTests.BUserTests" name="httpStatus200OnGetUserById" time="0.153"/>
  <system-out/>
  <testcase classname="Tests.AUserTests.BUserTests" name="OnGetUserByIdWithWrongId" time="0.099"/>
  <system-out/>
  <testcase classname="Tests.AUserTests.BUserTests" name="GetUserById" time="0.037"/>
  <system-out/>
  <testcase classname="Tests.AUserTests.BUserTests" name="GetAllUsers" time="0.552"/>
  <system-out/>
  <testcase classname="Tests.AUserTests.BUserTests" name="contentTypeOnGetUserByIDResponse" time="0.042"/>
  <system-out/>
  <testcase classname="Tests.AUserTests.BUserTests" name="fieldsNotEmptyGetUserByIDResponse" time="0.054"/>
  <system-out/>
  <testcase classname="Tests.AUserTests.BUserTests" name="fieldsNotNullGetUserByIDResponse" time="0.033"/>
  <system-out/>
  <testcase classname="Tests.AUserTests.BUserTests" name="httpStatusWithInvalidToken" time="0.036"/>
  <system-out/>
  <testcase classname="Tests.AUserTests.BUserTests" name="httpStatusWithEmptyToken" time="0.021"/>
  <system-out/>
  <testcase classname="Tests.AUserTests.BUserTests" name="patchFirstNameById" time="1.091"/>
  <system-out/>
  <testcase classname="Tests.AUserTests.BUserTests" name="patchLastNameById" time="0.151"/>
  <system-out/>
  <testcase classname="Tests.AUserTests.BUserTests" name="patchUsernameById" time="0.779"/>
  <system-out/>
  <testcase classname="Tests.AUserTests.BUserTests" name="patchPasswordById" time="0.677"/>
  <system-out/>
  <testcase classname="Tests.AUserTests.BUserTests" name="patchPasswordInvalidToken" time="0.018"/>
  <system-out/>
  <testcase classname="Tests.AUserTests.BUserTests" name="patchPasswordEmptyToken" time="0.014"/>
  <system-out/>
  <testcase classname="Tests.AUserTests.BUserTests" name="patchCvuById" time="0.034"/>
  <system-out/>
  <testcase classname="Tests.AUserTests.BUserTests" name="patchDniAndPhoneById" time="1.959"/>
  <system-out/>
  <testcase classname="Tests.AUserTests.BUserTests" name="patchLastNameAndPasswordById" time="0.307"/>
  <system-out/>
</testsuite> <!-- Tests.AUserTests.BUserTests -->
