<?xml version="1.0" encoding="UTF-8"?>
<!-- Generated by org.testng.reporters.JUnitReportReporter -->
<testsuite hostname="MARU" failures="0" tests="4" name="Tests.AUserTests.CLogoutTests" time="3.463" errors="0" timestamp="2022-12-13T09:13:56 ART" skipped="0">
  <testcase classname="Tests.AUserTests.CLogoutTests" name="logoutInvalidToken" time="0.039"/>
  <system-out/>
  <testcase classname="Tests.AUserTests.CLogoutTests" name="logoutEmptyToken" time="0.016"/>
  <system-out/>
  <testcase classname="Tests.AUserTests.CLogoutTests" name="statusCodeLogout" time="0.405"/>
  <system-out/>
  <testcase classname="Tests.AUserTests.CLogoutTests" name="fieldsNotEmptyGetAllUsersResponse" time="3.003"/>
  <system-out/>
</testsuite> <!-- Tests.AUserTests.CLogoutTests -->
