<?xml version="1.0" encoding="UTF-8"?>
<!-- Generated by org.testng.reporters.JUnitReportReporter -->
<testsuite hostname="MARU" failures="0" tests="30" name="Tests.AUserTests.ARegisterTests" time="9.677" errors="0" timestamp="2022-12-13T09:13:56 ART" skipped="0">
  <testcase classname="Tests.AUserTests.ARegisterTests" name="registerOk" time="6.039"/>
  <system-out/>
  <testcase classname="Tests.AUserTests.ARegisterTests" name="registerHeaders" time="0.275"/>
  <system-out/>
  <testcase classname="Tests.AUserTests.ARegisterTests" name="registerOkStatusCode" time="0.442"/>
  <system-out/>
  <testcase classname="Tests.AUserTests.ARegisterTests" name="registerOkContentType" time="0.280"/>
  <system-out/>
  <testcase classname="Tests.AUserTests.ARegisterTests" name="registerRandomUser" time="0.867"/>
  <system-out/>
  <testcase classname="Tests.AUserTests.ARegisterTests" name="registerRandomUser2" time="0.391"/>
  <system-out/>
  <testcase classname="Tests.AUserTests.ARegisterTests" name="registerRandomUser3" time="0.392"/>
  <system-out/>
  <testcase classname="Tests.AUserTests.ARegisterTests" name="registerWithEmptyFirstName" time="0.052"/>
  <system-out/>
  <testcase classname="Tests.AUserTests.ARegisterTests" name="registerWithEmptyLastName" time="0.031"/>
  <system-out/>
  <testcase classname="Tests.AUserTests.ARegisterTests" name="registerWithEmptyDni" time="0.042"/>
  <system-out/>
  <testcase classname="Tests.AUserTests.ARegisterTests" name="registerWithEmptyEmail" time="0.047"/>
  <system-out/>
  <testcase classname="Tests.AUserTests.ARegisterTests" name="registerWithEmptyUsername" time="0.068"/>
  <system-out/>
  <testcase classname="Tests.AUserTests.ARegisterTests" name="registerWithEmptyPhoneNumber" time="0.037"/>
  <system-out/>
  <testcase classname="Tests.AUserTests.ARegisterTests" name="registerWithEmptyPassword" time="0.027"/>
  <system-out/>
  <testcase classname="Tests.AUserTests.ARegisterTests" name="registerWithEmptyUser" time="0.046"/>
  <system-out/>
  <testcase classname="Tests.AUserTests.ARegisterTests" name="registerWithoutFirstName" time="0.047"/>
  <system-out/>
  <testcase classname="Tests.AUserTests.ARegisterTests" name="registerWithoutLastName" time="0.031"/>
  <system-out/>
  <testcase classname="Tests.AUserTests.ARegisterTests" name="registerWithoutDni" time="0.029"/>
  <system-out/>
  <testcase classname="Tests.AUserTests.ARegisterTests" name="registerWithoutEmail" time="0.084"/>
  <system-out/>
  <testcase classname="Tests.AUserTests.ARegisterTests" name="registerWithoutUsername" time="0.038"/>
  <system-out/>
  <testcase classname="Tests.AUserTests.ARegisterTests" name="registerWithoutPhoneNumber" time="0.031"/>
  <system-out/>
  <testcase classname="Tests.AUserTests.ARegisterTests" name="registerWithoutPassword" time="0.053"/>
  <system-out/>
  <testcase classname="Tests.AUserTests.ARegisterTests" name="registerWithNullFirstName" time="0.068"/>
  <system-out/>
  <testcase classname="Tests.AUserTests.ARegisterTests" name="registerWithNullLastName" time="0.048"/>
  <system-out/>
  <testcase classname="Tests.AUserTests.ARegisterTests" name="registerWithNullDni" time="0.064"/>
  <system-out/>
  <testcase classname="Tests.AUserTests.ARegisterTests" name="registerWithNullEmail" time="0.029"/>
  <system-out/>
  <testcase classname="Tests.AUserTests.ARegisterTests" name="registerWithNullUsername" time="0.026"/>
  <system-out/>
  <testcase classname="Tests.AUserTests.ARegisterTests" name="registerWithNullPhoneNumber" time="0.033"/>
  <system-out/>
  <testcase classname="Tests.AUserTests.ARegisterTests" name="registerWithNullPassword" time="0.031"/>
  <system-out/>
  <testcase classname="Tests.AUserTests.ARegisterTests" name="registerWithNullUser" time="0.029"/>
  <system-out/>
</testsuite> <!-- Tests.AUserTests.ARegisterTests -->
