<?xml version="1.0" encoding="UTF-8"?>
<!-- Generated by org.testng.reporters.JUnitReportReporter -->
<testsuite hostname="MARU" failures="0" tests="15" name="Tests.AUserTests.BLoginTests" time="3.506" errors="0" timestamp="2022-12-13T09:13:56 ART" skipped="0">
  <testcase classname="Tests.AUserTests.BLoginTests" name="loginOkGetToken" time="0.493"/>
  <system-out/>
  <testcase classname="Tests.AUserTests.BLoginTests" name="loginOkHeaderToken" time="0.243"/>
  <system-out/>
  <testcase classname="Tests.AUserTests.BLoginTests" name="loginOkPayloadToken" time="0.193"/>
  <system-out/>
  <testcase classname="Tests.AUserTests.BLoginTests" name="loginHeaders" time="0.147"/>
  <system-out/>
  <testcase classname="Tests.AUserTests.BLoginTests" name="loginOkStatusCode" time="1.432"/>
  <system-out/>
  <testcase classname="Tests.AUserTests.BLoginTests" name="loginOkContentType" time="0.349"/>
  <system-out/>
  <testcase classname="Tests.AUserTests.BLoginTests" name="failLoginUnregisteredEmail" time="0.034"/>
  <system-out/>
  <testcase classname="Tests.AUserTests.BLoginTests" name="failLoginUnregisteredPassword" time="0.308"/>
  <system-out/>
  <testcase classname="Tests.AUserTests.BLoginTests" name="failLoginUnregisteredUser" time="0.022"/>
  <system-out/>
  <testcase classname="Tests.AUserTests.BLoginTests" name="failLoginEmptyEmail" time="0.020"/>
  <system-out/>
  <testcase classname="Tests.AUserTests.BLoginTests" name="failLoginNullEmail" time="0.024"/>
  <system-out/>
  <testcase classname="Tests.AUserTests.BLoginTests" name="failLoginNullUser" time="0.022"/>
  <system-out/>
  <testcase classname="Tests.AUserTests.BLoginTests" name="failLoginNullPassword" time="0.057"/>
  <system-out/>
  <testcase classname="Tests.AUserTests.BLoginTests" name="failLoginEmptyPassword" time="0.139"/>
  <system-out/>
  <testcase classname="Tests.AUserTests.BLoginTests" name="failLoginEmptyUser" time="0.023"/>
  <system-out/>
</testsuite> <!-- Tests.AUserTests.BLoginTests -->
